<?xml version="1.0" encoding="UTF-8"?>
<testsuite xmlns:xsi="http://www.w3.org/2001/XMLSchema-instance" xsi:noNamespaceSchemaLocation="https://maven.apache.org/surefire/maven-surefire-plugin/xsd/surefire-test-report.xsd" version="3.0.2" name="com.gamehub.gamehub_api.GamehubApiApplicationTests" time="5.526" tests="1" errors="0" skipped="0" failures="0">
  <properties>
[...]
</properties>
  <testcase name="contextLoads" classname="com.gamehub.gamehub_api.GamehubApiApplicationTests" time="0.354">
    <system-out><![CDATA[17:28:57.393 [main] INFO org.springframework.test.context.support.AnnotationConfigContextLoaderUtils -- Could not detect default configuration classes for test class [com.gamehub.gamehub_api.GamehubApiApplicationTests]: GamehubApiApplicationTests does not declare any static, non-private, non-final, nested classes annotated with @Configuration.
17:28:57.507 [main] INFO org.springframework.boot.test.context.SpringBootTestContextBootstrapper -- Found @SpringBootConfiguration com.gamehub.gamehub_api.GamehubApiApplication for test class com.gamehub.gamehub_api.GamehubApiApplicationTests

  .   ____          _            __ _ _
 /\\ / ___'_ __ _ _(_)_ __  __ _ \ \ \ \
( ( )\___ | '_ | '_| | '_ \/ _` | \ \ \ \
 \\/  ___)| |_)| | | | | || (_| |  ) ) ) )
  '  |____| .__|_| |_|_| |_\__, | / / / /
 =========|_|==============|___/=/_/_/_/

 :: Spring Boot ::                (v3.5.7)

2025-11-14T17:28:57.964+01:00  INFO 29184 --- [GameHub] [           main] c.g.g.GamehubApiApplicationTests         : Starting GamehubApiApplicationTests using Java 21.0.7 with PID 29184 (started by radid in C:\Users\radid\OneDrive\Insy2s\formation\Spring Boot\gamehub)
2025-11-14T17:28:57.966+01:00  INFO 29184 --- [GameHub] [           main] c.g.g.GamehubApiApplicationTests         : No active profile set, falling back to 1 default profile: "default"
2025-11-14T17:28:58.870+01:00  INFO 29184 --- [GameHub] [           main] .s.d.r.c.RepositoryConfigurationDelegate : Bootstrapping Spring Data JPA repositories in DEFAULT mode.
2025-11-14T17:28:58.949+01:00  INFO 29184 --- [GameHub] [           main] .s.d.r.c.RepositoryConfigurationDelegate : Finished Spring Data repository scanning in 63 ms. Found 1 JPA repository interface.
2025-11-14T17:28:59.495+01:00  INFO 29184 --- [GameHub] [           main] o.hibernate.jpa.internal.util.LogHelper  : HHH000204: Processing PersistenceUnitInfo [name: default]
2025-11-14T17:28:59.563+01:00  INFO 29184 --- [GameHub] [           main] org.hibernate.Version                    : HHH000412: Hibernate ORM core version 6.6.33.Final
2025-11-14T17:28:59.600+01:00  INFO 29184 --- [GameHub] [           main] o.h.c.internal.RegionFactoryInitiator    : HHH000026: Second-level cache disabled
2025-11-14T17:28:59.928+01:00  INFO 29184 --- [GameHub] [           main] o.s.o.j.p.SpringPersistenceUnitInfo      : No LoadTimeWeaver setup: ignoring JPA class transformer
2025-11-14T17:28:59.964+01:00  INFO 29184 --- [GameHub] [           main] com.zaxxer.hikari.HikariDataSource       : HikariPool-1 - Starting...
2025-11-14T17:29:00.128+01:00  INFO 29184 --- [GameHub] [           main] com.zaxxer.hikari.pool.HikariPool        : HikariPool-1 - Added connection org.postgresql.jdbc.PgConnection@18b40fe6
2025-11-14T17:29:00.129+01:00  INFO 29184 --- [GameHub] [           main] com.zaxxer.hikari.HikariDataSource       : HikariPool-1 - Start completed.
2025-11-14T17:29:00.198+01:00  INFO 29184 --- [GameHub] [           main] org.hibernate.orm.connections.pooling    : HHH10001005: Database info:
	Database JDBC URL [Connecting through datasource 'HikariDataSource (HikariPool-1)']
	Database driver: undefined/unknown
	Database version: 17.6
	Autocommit mode: undefined/unknown
	Isolation level: undefined/unknown
	Minimum pool size: undefined/unknown
	Maximum pool size: undefined/unknown
2025-11-14T17:29:01.079+01:00  INFO 29184 --- [GameHub] [           main] o.h.e.t.j.p.i.JtaPlatformInitiator       : HHH000489: No JTA platform available (set 'hibernate.transaction.jta.platform' to enable JTA platform integration)
2025-11-14T17:29:01.118+01:00  INFO 29184 --- [GameHub] [           main] j.LocalContainerEntityManagerFactoryBean : Initialized JPA EntityManagerFactory for persistence unit 'default'
2025-11-14T17:29:01.838+01:00  WARN 29184 --- [GameHub] [           main] JpaBaseConfiguration$JpaWebConfiguration : spring.jpa.open-in-view is enabled by default. Therefore, database queries may be performed during view rendering. Explicitly configure spring.jpa.open-in-view to disable this warning
2025-11-14T17:29:02.399+01:00  INFO 29184 --- [GameHub] [           main] c.g.g.GamehubApiApplicationTests         : Started GamehubApiApplicationTests in 4.746 seconds (process running for 5.715)
]]></system-out>
    <system-err><![CDATA[Mockito is currently self-attaching to enable the inline-mock-maker. This will no longer work in future releases of the JDK. Please add Mockito as an agent to your build as described in Mockito's documentation: https://javadoc.io/doc/org.mockito/mockito-core/latest/org.mockito/org/mockito/Mockito.html#0.3
WARNING: A Java agent has been loaded dynamically (C:\Users\radid\.m2\repository\net\bytebuddy\byte-buddy-agent\1.17.8\byte-buddy-agent-1.17.8.jar)
WARNING: If a serviceability tool is in use, please run with -XX:+EnableDynamicAgentLoading to hide this warning
WARNING: If a serviceability tool is not in use, please run with -Djdk.instrument.traceUsage for more information
WARNING: Dynamic loading of agents will be disallowed by default in a future release
]]></system-err>
  </testcase>
</testsuite>